D:\OSAMA\PROGRAMMING\PROJECTS\EYE IRIS DETECTION\OPENCV-MACHINELEARNING\RELEASE\MAIN.OBJ
D:\OSAMA\PROGRAMMING\PROJECTS\EYE IRIS DETECTION\OPENCV-MACHINELEARNING\RELEASE\CSVPARSER.OBJ
D:\OSAMA\PROGRAMMING\PROJECTS\EYE IRIS DETECTION\OPENCV-MACHINELEARNING\RELEASE\VC110.PDB
D:\OSAMA\PROGRAMMING\PROJECTS\EYE IRIS DETECTION\RELEASE\EYE-IRIS-ENTROPY-DETECTION.EXE
D:\OSAMA\PROGRAMMING\PROJECTS\EYE IRIS DETECTION\RELEASE\EYE-IRIS-ENTROPY-DETECTION.PDB
D:\Osama\Programming\Projects\Eye Iris Detection\OpenCV-MachineLearning\Release\CsvParser.obj
D:\Osama\Programming\Projects\Eye Iris Detection\OpenCV-MachineLearning\Release\main.obj
D:\Osama\Programming\Projects\Eye Iris Detection\OpenCV-MachineLearning\Release\cl.command.1.tlog
D:\Osama\Programming\Projects\Eye Iris Detection\OpenCV-MachineLearning\Release\CL.read.1.tlog
D:\Osama\Programming\Projects\Eye Iris Detection\OpenCV-MachineLearning\Release\CL.write.1.tlog
D:\Osama\Programming\Projects\Eye Iris Detection\OpenCV-MachineLearning\Release\link-cvtres.read.1.tlog
D:\Osama\Programming\Projects\Eye Iris Detection\OpenCV-MachineLearning\Release\link-cvtres.write.1.tlog
D:\Osama\Programming\Projects\Eye Iris Detection\OpenCV-MachineLearning\Release\link-rc.read.1.tlog
D:\Osama\Programming\Projects\Eye Iris Detection\OpenCV-MachineLearning\Release\link-rc.write.1.tlog
D:\Osama\Programming\Projects\Eye Iris Detection\OpenCV-MachineLearning\Release\link.command.1.tlog
D:\Osama\Programming\Projects\Eye Iris Detection\OpenCV-MachineLearning\Release\link.read.1.tlog
D:\Osama\Programming\Projects\Eye Iris Detection\OpenCV-MachineLearning\Release\link.write.1.tlog
D:\Osama\Programming\Projects\Eye Iris Detection\OpenCV-MachineLearning\Release\vc110.pdb
D:\Osama\Programming\Projects\Eye Iris Detection\Release\Eye-Iris-Entropy-Detection.pdb
D:\Osama\Programming\Projects\Eye Iris Detection\Release\Eye-Iris-Entropy-Detection.exe
