Build started 08-May-15 7:45:10 PM.
     1>Project "D:\Osama\Programming\Projects\Eye Iris Detection\OpenCV-MachineLearning\OpenCV-MachineLearning.vcxproj" on node 2 (Build target(s)).
     1>ClCompile:
         C:\Program Files (x86)\Microsoft Visual Studio 11.0\VC\bin\CL.exe /c /ID:\Osama\Programming\OpenCV\opencv\build\x86\include /ID:\Osama\Programming\OpenCV\opencv\build\include /Zi /nologo /W3 /WX- /O2 /Oi /Oy- /GL /D _MBCS /Gm- /EHsc /MD /GS /Gy /fp:precise /Zc:wchar_t /Zc:forScope /Fo"Release\\" /Fd"Release\vc110.pdb" /Gd /TP /analyze- /errorReport:prompt main.cpp
         main.cpp
     1>d:\osama\programming\projects\eye iris detection\opencv-machinelearning\EyeIrisDetector.h(73): warning C4018: '<' : signed/unsigned mismatch
     1>d:\osama\programming\projects\eye iris detection\opencv-machinelearning\EyeIrisDetector.h(78): warning C4018: '<' : signed/unsigned mismatch
     1>d:\osama\programming\projects\eye iris detection\opencv-machinelearning\EyeIrisDetector.h(84): warning C4018: '<' : signed/unsigned mismatch
     1>d:\osama\programming\projects\eye iris detection\opencv-machinelearning\EyeIrisDetector.h(92): warning C4018: '<' : signed/unsigned mismatch
     1>d:\osama\programming\projects\eye iris detection\opencv-machinelearning\EyeIrisDetector.h(121): warning C4244: 'argument' : conversion from 'double' to 'int', possible loss of data
     1>d:\osama\programming\projects\eye iris detection\opencv-machinelearning\EyeIrisDetector.h(122): warning C4244: 'argument' : conversion from 'double' to 'int', possible loss of data
     1>d:\osama\programming\projects\eye iris detection\opencv-machinelearning\EyeIrisDetector.h(128): warning C4244: 'argument' : conversion from 'double' to 'int', possible loss of data
     1>d:\osama\programming\projects\eye iris detection\opencv-machinelearning\EyeIrisDetector.h(132): warning C4244: 'argument' : conversion from 'double' to 'int', possible loss of data
     1>d:\osama\programming\projects\eye iris detection\opencv-machinelearning\EyeIrisDetector.h(133): warning C4244: 'argument' : conversion from 'double' to 'int', possible loss of data
     1>d:\osama\programming\projects\eye iris detection\opencv-machinelearning\EyeIrisDetector.h(151): warning C4018: '<' : signed/unsigned mismatch
     1>d:\osama\programming\projects\eye iris detection\opencv-machinelearning\EyeIrisDetector.h(157): warning C4018: '<' : signed/unsigned mismatch
     1>d:\osama\programming\projects\eye iris detection\opencv-machinelearning\EyeIrisDetector.h(159): warning C4244: '=' : conversion from 'double' to 'int', possible loss of data
     1>d:\osama\programming\projects\eye iris detection\opencv-machinelearning\EyeIrisDetector.h(173): warning C4244: 'initializing' : conversion from 'const double' to 'const int', possible loss of data
     1>d:\osama\programming\projects\eye iris detection\opencv-machinelearning\EyeIrisDetector.h(174): warning C4244: 'initializing' : conversion from 'const double' to 'const int', possible loss of data
     1>d:\osama\programming\projects\eye iris detection\opencv-machinelearning\EyeIrisDetector.h(253): warning C4244: 'argument' : conversion from 'double' to 'int', possible loss of data
       Link:
         C:\Program Files (x86)\Microsoft Visual Studio 11.0\VC\bin\link.exe /ERRORREPORT:PROMPT /OUT:"D:\Osama\Programming\Projects\Eye Iris Detection\Release\Eye-Iris-Entropy-Detection.exe" /NOLOGO /LIBPATH:D:\Osama\Programming\OpenCV\opencv\build\x86\vc11\lib /LIBPATH:D:\Osama\Programming\OpenCV\opencv\build\x86\vc11\lib opencv_stitching249.lib opencv_contrib249.lib opencv_videostab249.lib opencv_superres249.lib opencv_nonfree249.lib opencv_gpu249.lib opencv_ocl249.lib opencv_legacy249.lib opencv_ts249.lib opencv_calib3d249.lib opencv_features2d249.lib opencv_objdetect249.lib opencv_highgui249.lib opencv_video249.lib opencv_photo249.lib opencv_imgproc249.lib opencv_flann249.lib opencv_ml249.lib opencv_core249.lib kernel32.lib user32.lib gdi32.lib winspool.lib comdlg32.lib advapi32.lib shell32.lib ole32.lib oleaut32.lib uuid.lib odbc32.lib odbccp32.lib /MANIFEST /MANIFESTUAC:"level='asInvoker' uiAccess='false'" /manifest:embed /DEBUG /PDB:"D:\Osama\Programming\Projects\Eye Iris Detection\Release\Eye-Iris-Entropy-Detection.pdb" /OPT:REF /OPT:ICF /LTCG /TLBID:1 /DYNAMICBASE /NXCOMPAT /IMPLIB:"D:\Osama\Programming\Projects\Eye Iris Detection\Release\Eye-Iris-Entropy-Detection.lib" /MACHINE:X86 /SAFESEH Release\CsvParser.obj
         Release\main.obj
         Generating code
         Finished generating code
         OpenCV-MachineLearning.vcxproj -> D:\Osama\Programming\Projects\Eye Iris Detection\Release\Eye-Iris-Entropy-Detection.exe
     1>Done Building Project "D:\Osama\Programming\Projects\Eye Iris Detection\OpenCV-MachineLearning\OpenCV-MachineLearning.vcxproj" (Build target(s)).

Build succeeded.

Time Elapsed 00:00:04.82
