D:\OSAMA\PROGRAMMING\PROJECTS\EYE IRIS DETECTION\OPENCV-MACHINELEARNING\DEBUG\CSVPARSER.OBJ
D:\OSAMA\PROGRAMMING\PROJECTS\EYE IRIS DETECTION\OPENCV-MACHINELEARNING\DEBUG\VC110.PDB
D:\OSAMA\PROGRAMMING\PROJECTS\EYE IRIS DETECTION\OPENCV-MACHINELEARNING\DEBUG\MAIN.OBJ
D:\OSAMA\PROGRAMMING\PROJECTS\EYE IRIS DETECTION\DEBUG\EYE-IRIS-ENTROPY-DETECTION.ILK
D:\OSAMA\PROGRAMMING\PROJECTS\EYE IRIS DETECTION\DEBUG\EYE-IRIS-ENTROPY-DETECTION.EXE
D:\OSAMA\PROGRAMMING\PROJECTS\EYE IRIS DETECTION\DEBUG\EYE-IRIS-ENTROPY-DETECTION.PDB
D:\Osama\Programming\Projects\Eye Iris Detection\OpenCV-MachineLearning\Debug\CsvParser.obj
D:\Osama\Programming\Projects\Eye Iris Detection\OpenCV-MachineLearning\Debug\main.obj
D:\Osama\Programming\Projects\Eye Iris Detection\OpenCV-MachineLearning\Debug\cl.command.1.tlog
D:\Osama\Programming\Projects\Eye Iris Detection\OpenCV-MachineLearning\Debug\CL.read.1.tlog
D:\Osama\Programming\Projects\Eye Iris Detection\OpenCV-MachineLearning\Debug\CL.write.1.tlog
D:\Osama\Programming\Projects\Eye Iris Detection\OpenCV-MachineLearning\Debug\link-cvtres.read.1.tlog
D:\Osama\Programming\Projects\Eye Iris Detection\OpenCV-MachineLearning\Debug\link-cvtres.write.1.tlog
D:\Osama\Programming\Projects\Eye Iris Detection\OpenCV-MachineLearning\Debug\link-rc.read.1.tlog
D:\Osama\Programming\Projects\Eye Iris Detection\OpenCV-MachineLearning\Debug\link-rc.write.1.tlog
D:\Osama\Programming\Projects\Eye Iris Detection\OpenCV-MachineLearning\Debug\link.command.1.tlog
D:\Osama\Programming\Projects\Eye Iris Detection\OpenCV-MachineLearning\Debug\link.read.1.tlog
D:\Osama\Programming\Projects\Eye Iris Detection\OpenCV-MachineLearning\Debug\link.write.1.tlog
D:\Osama\Programming\Projects\Eye Iris Detection\OpenCV-MachineLearning\Debug\vc110.idb
D:\Osama\Programming\Projects\Eye Iris Detection\OpenCV-MachineLearning\Debug\vc110.pdb
D:\Osama\Programming\Projects\Eye Iris Detection\Debug\Eye-Iris-Entropy-Detection.pdb
D:\Osama\Programming\Projects\Eye Iris Detection\Debug\Eye-Iris-Entropy-Detection.exe
D:\Osama\Programming\Projects\Eye Iris Detection\Debug\Eye-Iris-Entropy-Detection.ilk
