D:\OSAMA\PROGRAMMING\PROJECTS\TITANIC - MACHINE LEARNING FROM DISASTER\OPENCV ML MODELS\OPENCV-MACHINELEARNING\OPENCV-MACHINELEARNING\DEBUG\SAMPLE.OBJ
D:\OSAMA\PROGRAMMING\PROJECTS\TITANIC - MACHINE LEARNING FROM DISASTER\OPENCV ML MODELS\OPENCV-MACHINELEARNING\OPENCV-MACHINELEARNING\DEBUG\CSVPARSER.OBJ
D:\OSAMA\PROGRAMMING\PROJECTS\TITANIC - MACHINE LEARNING FROM DISASTER\OPENCV ML MODELS\OPENCV-MACHINELEARNING\OPENCV-MACHINELEARNING\DEBUG\MAIN.OBJ
D:\OSAMA\PROGRAMMING\PROJECTS\TITANIC - MACHINE LEARNING FROM DISASTER\OPENCV ML MODELS\OPENCV-MACHINELEARNING\OPENCV-MACHINELEARNING\DEBUG\VC110.PDB
D:\OSAMA\PROGRAMMING\PROJECTS\HAND DETECTION\PLAYGROUND\OPENCV-MACHINELEARNING\OPENCV-MACHINELEARNING\DEBUG\CSVPARSER.OBJ
D:\OSAMA\PROGRAMMING\PROJECTS\HAND DETECTION\PLAYGROUND\OPENCV-MACHINELEARNING\OPENCV-MACHINELEARNING\DEBUG\HANDGESTURE.OBJ
D:\OSAMA\PROGRAMMING\PROJECTS\HAND DETECTION\PLAYGROUND\OPENCV-MACHINELEARNING\OPENCV-MACHINELEARNING\DEBUG\MAIN.OBJ
D:\OSAMA\PROGRAMMING\PROJECTS\HAND DETECTION\PLAYGROUND\OPENCV-MACHINELEARNING\OPENCV-MACHINELEARNING\DEBUG\MYIMAGE.OBJ
D:\OSAMA\PROGRAMMING\PROJECTS\HAND DETECTION\PLAYGROUND\OPENCV-MACHINELEARNING\OPENCV-MACHINELEARNING\DEBUG\ROI.OBJ
D:\OSAMA\PROGRAMMING\PROJECTS\HAND DETECTION\PLAYGROUND\OPENCV-MACHINELEARNING\OPENCV-MACHINELEARNING\DEBUG\VC110.PDB
D:\OSAMA\PROGRAMMING\PROJECTS\TITANIC - MACHINE LEARNING FROM DISASTER\OPENCV ML MODELS\OPENCV-MACHINELEARNING\DEBUG\OPENCV-MACHINELEARNING.ILK
D:\OSAMA\PROGRAMMING\PROJECTS\TITANIC - MACHINE LEARNING FROM DISASTER\OPENCV ML MODELS\OPENCV-MACHINELEARNING\DEBUG\OPENCV-MACHINELEARNING.EXE
D:\OSAMA\PROGRAMMING\PROJECTS\TITANIC - MACHINE LEARNING FROM DISASTER\OPENCV ML MODELS\OPENCV-MACHINELEARNING\DEBUG\OPENCV-MACHINELEARNING.PDB
D:\OSAMA\PROGRAMMING\PROJECTS\HAND DETECTION\PLAYGROUND\OPENCV-MACHINELEARNING\DEBUG\OPENCV-MACHINELEARNING.ILK
D:\OSAMA\PROGRAMMING\PROJECTS\HAND DETECTION\PLAYGROUND\OPENCV-MACHINELEARNING\DEBUG\OPENCV-MACHINELEARNING.EXE
D:\OSAMA\PROGRAMMING\PROJECTS\HAND DETECTION\PLAYGROUND\OPENCV-MACHINELEARNING\DEBUG\OPENCV-MACHINELEARNING.PDB
D:\Osama\Programming\Projects\Hand Detection\Playground\OpenCV-MachineLearning\OpenCV-MachineLearning\Debug\CsvParser.obj
D:\Osama\Programming\Projects\Hand Detection\Playground\OpenCV-MachineLearning\OpenCV-MachineLearning\Debug\handGesture.obj
D:\Osama\Programming\Projects\Hand Detection\Playground\OpenCV-MachineLearning\OpenCV-MachineLearning\Debug\main.obj
D:\Osama\Programming\Projects\Hand Detection\Playground\OpenCV-MachineLearning\OpenCV-MachineLearning\Debug\myImage.obj
D:\Osama\Programming\Projects\Hand Detection\Playground\OpenCV-MachineLearning\OpenCV-MachineLearning\Debug\roi.obj
D:\Osama\Programming\Projects\Hand Detection\Playground\OpenCV-MachineLearning\OpenCV-MachineLearning\Debug\Sample.obj
D:\Osama\Programming\Projects\Hand Detection\Playground\OpenCV-MachineLearning\OpenCV-MachineLearning\Debug\cl.command.1.tlog
D:\Osama\Programming\Projects\Hand Detection\Playground\OpenCV-MachineLearning\OpenCV-MachineLearning\Debug\CL.read.1.tlog
D:\Osama\Programming\Projects\Hand Detection\Playground\OpenCV-MachineLearning\OpenCV-MachineLearning\Debug\CL.write.1.tlog
D:\Osama\Programming\Projects\Hand Detection\Playground\OpenCV-MachineLearning\OpenCV-MachineLearning\Debug\link-cvtres.read.1.tlog
D:\Osama\Programming\Projects\Hand Detection\Playground\OpenCV-MachineLearning\OpenCV-MachineLearning\Debug\link-cvtres.write.1.tlog
D:\Osama\Programming\Projects\Hand Detection\Playground\OpenCV-MachineLearning\OpenCV-MachineLearning\Debug\link-rc.read.1.tlog
D:\Osama\Programming\Projects\Hand Detection\Playground\OpenCV-MachineLearning\OpenCV-MachineLearning\Debug\link-rc.write.1.tlog
D:\Osama\Programming\Projects\Hand Detection\Playground\OpenCV-MachineLearning\OpenCV-MachineLearning\Debug\link.2732-cvtres.read.1.tlog
D:\Osama\Programming\Projects\Hand Detection\Playground\OpenCV-MachineLearning\OpenCV-MachineLearning\Debug\link.2732-cvtres.write.1.tlog
D:\Osama\Programming\Projects\Hand Detection\Playground\OpenCV-MachineLearning\OpenCV-MachineLearning\Debug\link.2732-rc.read.1.tlog
D:\Osama\Programming\Projects\Hand Detection\Playground\OpenCV-MachineLearning\OpenCV-MachineLearning\Debug\link.2732-rc.write.1.tlog
D:\Osama\Programming\Projects\Hand Detection\Playground\OpenCV-MachineLearning\OpenCV-MachineLearning\Debug\link.2732.read.1.tlog
D:\Osama\Programming\Projects\Hand Detection\Playground\OpenCV-MachineLearning\OpenCV-MachineLearning\Debug\link.2732.write.1.tlog
D:\Osama\Programming\Projects\Hand Detection\Playground\OpenCV-MachineLearning\OpenCV-MachineLearning\Debug\link.3272-cvtres.read.1.tlog
D:\Osama\Programming\Projects\Hand Detection\Playground\OpenCV-MachineLearning\OpenCV-MachineLearning\Debug\link.3272-cvtres.write.1.tlog
D:\Osama\Programming\Projects\Hand Detection\Playground\OpenCV-MachineLearning\OpenCV-MachineLearning\Debug\link.3272-rc.read.1.tlog
D:\Osama\Programming\Projects\Hand Detection\Playground\OpenCV-MachineLearning\OpenCV-MachineLearning\Debug\link.3272-rc.write.1.tlog
D:\Osama\Programming\Projects\Hand Detection\Playground\OpenCV-MachineLearning\OpenCV-MachineLearning\Debug\link.3272.read.1.tlog
D:\Osama\Programming\Projects\Hand Detection\Playground\OpenCV-MachineLearning\OpenCV-MachineLearning\Debug\link.3272.write.1.tlog
D:\Osama\Programming\Projects\Hand Detection\Playground\OpenCV-MachineLearning\OpenCV-MachineLearning\Debug\link.4612-cvtres.read.1.tlog
D:\Osama\Programming\Projects\Hand Detection\Playground\OpenCV-MachineLearning\OpenCV-MachineLearning\Debug\link.4612-cvtres.write.1.tlog
D:\Osama\Programming\Projects\Hand Detection\Playground\OpenCV-MachineLearning\OpenCV-MachineLearning\Debug\link.4612-rc.read.1.tlog
D:\Osama\Programming\Projects\Hand Detection\Playground\OpenCV-MachineLearning\OpenCV-MachineLearning\Debug\link.4612-rc.write.1.tlog
D:\Osama\Programming\Projects\Hand Detection\Playground\OpenCV-MachineLearning\OpenCV-MachineLearning\Debug\link.4612.read.1.tlog
D:\Osama\Programming\Projects\Hand Detection\Playground\OpenCV-MachineLearning\OpenCV-MachineLearning\Debug\link.4612.write.1.tlog
D:\Osama\Programming\Projects\Hand Detection\Playground\OpenCV-MachineLearning\OpenCV-MachineLearning\Debug\link.4980-cvtres.read.1.tlog
D:\Osama\Programming\Projects\Hand Detection\Playground\OpenCV-MachineLearning\OpenCV-MachineLearning\Debug\link.4980-cvtres.write.1.tlog
D:\Osama\Programming\Projects\Hand Detection\Playground\OpenCV-MachineLearning\OpenCV-MachineLearning\Debug\link.4980-rc.read.1.tlog
D:\Osama\Programming\Projects\Hand Detection\Playground\OpenCV-MachineLearning\OpenCV-MachineLearning\Debug\link.4980-rc.write.1.tlog
D:\Osama\Programming\Projects\Hand Detection\Playground\OpenCV-MachineLearning\OpenCV-MachineLearning\Debug\link.4980.read.1.tlog
D:\Osama\Programming\Projects\Hand Detection\Playground\OpenCV-MachineLearning\OpenCV-MachineLearning\Debug\link.4980.write.1.tlog
D:\Osama\Programming\Projects\Hand Detection\Playground\OpenCV-MachineLearning\OpenCV-MachineLearning\Debug\link.7028-cvtres.read.1.tlog
D:\Osama\Programming\Projects\Hand Detection\Playground\OpenCV-MachineLearning\OpenCV-MachineLearning\Debug\link.7028-cvtres.write.1.tlog
D:\Osama\Programming\Projects\Hand Detection\Playground\OpenCV-MachineLearning\OpenCV-MachineLearning\Debug\link.7028-rc.read.1.tlog
D:\Osama\Programming\Projects\Hand Detection\Playground\OpenCV-MachineLearning\OpenCV-MachineLearning\Debug\link.7028-rc.write.1.tlog
D:\Osama\Programming\Projects\Hand Detection\Playground\OpenCV-MachineLearning\OpenCV-MachineLearning\Debug\link.7028.read.1.tlog
D:\Osama\Programming\Projects\Hand Detection\Playground\OpenCV-MachineLearning\OpenCV-MachineLearning\Debug\link.7028.write.1.tlog
D:\Osama\Programming\Projects\Hand Detection\Playground\OpenCV-MachineLearning\OpenCV-MachineLearning\Debug\link.948-cvtres.read.1.tlog
D:\Osama\Programming\Projects\Hand Detection\Playground\OpenCV-MachineLearning\OpenCV-MachineLearning\Debug\link.948-cvtres.write.1.tlog
D:\Osama\Programming\Projects\Hand Detection\Playground\OpenCV-MachineLearning\OpenCV-MachineLearning\Debug\link.948-rc.read.1.tlog
D:\Osama\Programming\Projects\Hand Detection\Playground\OpenCV-MachineLearning\OpenCV-MachineLearning\Debug\link.948-rc.write.1.tlog
D:\Osama\Programming\Projects\Hand Detection\Playground\OpenCV-MachineLearning\OpenCV-MachineLearning\Debug\link.948.read.1.tlog
D:\Osama\Programming\Projects\Hand Detection\Playground\OpenCV-MachineLearning\OpenCV-MachineLearning\Debug\link.948.write.1.tlog
D:\Osama\Programming\Projects\Hand Detection\Playground\OpenCV-MachineLearning\OpenCV-MachineLearning\Debug\link.command.1.tlog
D:\Osama\Programming\Projects\Hand Detection\Playground\OpenCV-MachineLearning\OpenCV-MachineLearning\Debug\link.read.1.tlog
D:\Osama\Programming\Projects\Hand Detection\Playground\OpenCV-MachineLearning\OpenCV-MachineLearning\Debug\link.write.1.tlog
D:\Osama\Programming\Projects\Hand Detection\Playground\OpenCV-MachineLearning\OpenCV-MachineLearning\Debug\vc110.idb
D:\Osama\Programming\Projects\Hand Detection\Playground\OpenCV-MachineLearning\OpenCV-MachineLearning\Debug\vc110.pdb
D:\Osama\Programming\Projects\Hand Detection\Playground\OpenCV-MachineLearning\Debug\OpenCV-MachineLearning.pdb
D:\Osama\Programming\Projects\Hand Detection\Playground\OpenCV-MachineLearning\Debug\OpenCV-MachineLearning.exe
D:\Osama\Programming\Projects\Hand Detection\Playground\OpenCV-MachineLearning\Debug\OpenCV-MachineLearning.ilk
