Build started 17-Sep-14 3:22:03 AM.
     1>Project "D:\Osama\Programming\Projects\Eye Iris Detection\OpenCV-MachineLearning\OpenCV-MachineLearning.vcxproj" on node 2 (Rebuild target(s)).
     1>ClCompile:
         C:\Program Files (x86)\Microsoft Visual Studio 11.0\VC\bin\CL.exe /c /ID:\Osama\Programming\OpenCV\opencv\build\\include /ZI /nologo /W3 /WX- /Od /Oy- /D _MBCS /Gm /EHsc /RTC1 /MDd /GS /fp:precise /Zc:wchar_t /Zc:forScope /Fo"Debug\\" /Fd"Debug\vc110.pdb" /Gd /TP /analyze- /errorReport:prompt CsvParser.cpp main.cpp
         main.cpp
     1>d:\osama\programming\projects\eye iris detection\opencv-machinelearning\eyeirisdetector.h(22): error C2864: 'EyeIrisDetector::WINDOWS_THRESHOLD' : only static const integral data members can be initialized within a class
     1>d:\osama\programming\projects\eye iris detection\opencv-machinelearning\eyeirisdetector.h(42): error C2758: 'EyeIrisDetector::WINDOWS_THRESHOLD' : must be initialized in constructor base/member initializer list
                 d:\osama\programming\projects\eye iris detection\opencv-machinelearning\eyeirisdetector.h(22) : see declaration of 'EyeIrisDetector::WINDOWS_THRESHOLD'
     1>d:\osama\programming\projects\eye iris detection\opencv-machinelearning\eyeirisdetector.h(53): warning C4018: '<' : signed/unsigned mismatch
     1>d:\osama\programming\projects\eye iris detection\opencv-machinelearning\eyeirisdetector.h(57): warning C4018: '<' : signed/unsigned mismatch
     1>d:\osama\programming\projects\eye iris detection\opencv-machinelearning\eyeirisdetector.h(63): warning C4018: '<' : signed/unsigned mismatch
     1>d:\osama\programming\projects\eye iris detection\opencv-machinelearning\eyeirisdetector.h(66): warning C4244: '+=' : conversion from 'double' to 'int', possible loss of data
     1>d:\osama\programming\projects\eye iris detection\opencv-machinelearning\eyeirisdetector.h(71): warning C4018: '<' : signed/unsigned mismatch
     1>d:\osama\programming\projects\eye iris detection\opencv-machinelearning\eyeirisdetector.h(110): warning C4018: '<' : signed/unsigned mismatch
     1>d:\osama\programming\projects\eye iris detection\opencv-machinelearning\eyeirisdetector.h(116): warning C4018: '<' : signed/unsigned mismatch
     1>d:\osama\programming\projects\eye iris detection\opencv-machinelearning\eyeirisdetector.h(127): warning C4244: 'initializing' : conversion from 'double' to 'const int', possible loss of data
     1>d:\osama\programming\projects\eye iris detection\opencv-machinelearning\eyeirisdetector.h(128): warning C4244: 'initializing' : conversion from 'double' to 'const int', possible loss of data
     1>d:\osama\programming\projects\eye iris detection\opencv-machinelearning\eyeirisdetector.h(139): warning C4018: '>' : signed/unsigned mismatch
     1>d:\osama\programming\projects\eye iris detection\opencv-machinelearning\eyeirisdetector.h(145): warning C4172: returning address of local variable or temporary
         CsvParser.cpp
     1>d:\osama\programming\projects\eye iris detection\opencv-machinelearning\csvparser.cpp(46): warning C4018: '<' : signed/unsigned mismatch
     1>d:\osama\programming\projects\eye iris detection\opencv-machinelearning\csvparser.cpp(48): warning C4018: '<' : signed/unsigned mismatch
     1>d:\osama\programming\projects\eye iris detection\opencv-machinelearning\csvparser.cpp(65): warning C4018: '<' : signed/unsigned mismatch
     1>d:\osama\programming\projects\eye iris detection\opencv-machinelearning\csvparser.cpp(103): warning C4018: '<' : signed/unsigned mismatch
         Generating Code...
     1>Done Building Project "D:\Osama\Programming\Projects\Eye Iris Detection\OpenCV-MachineLearning\OpenCV-MachineLearning.vcxproj" (Rebuild target(s)) -- FAILED.

Build FAILED.

Time Elapsed 00:00:08.43
